<?xml version="1.0" encoding="UTF-8"?>
<testng-results skipped="0" failed="0" ignored="0" total="1" passed="1">
  <reporter-output>
  </reporter-output>
  <suite name="Default suite" duration-ms="15921" started-at="2019-07-04T13:49:43Z" finished-at="2019-07-04T13:49:59Z">
    <groups>
    </groups>
    <test name="Default test" duration-ms="15921" started-at="2019-07-04T13:49:43Z" finished-at="2019-07-04T13:49:59Z">
      <class name="demo.Demo">
        <test-method status="PASS" signature="brower_opening()[pri:0, instance:demo.Demo@1ce4f0a]" name="brower_opening" duration-ms="15834" started-at="2019-07-04T19:19:43Z" finished-at="2019-07-04T19:19:59Z">
          <reporter-output>
          </reporter-output>
        </test-method> <!-- brower_opening -->
      </class> <!-- demo.Demo -->
    </test> <!-- Default test -->
  </suite> <!-- Default suite -->
</testng-results>
